CRITICAL - 2023-02-27 06:49:15 --> Invalid file: "v_input.php"
in SYSTEMPATH\Exceptions\FrameworkException.php on line 33.
 1 SYSTEMPATH\View\View.php(201): CodeIgniter\Exceptions\FrameworkException::forInvalidFile('v_input.php')
 2 SYSTEMPATH\Common.php(1177): CodeIgniter\View\View->render('v_input', [], true)
 3 APPPATH\Controllers\Home.php(15): view('v_input')
 4 SYSTEMPATH\CodeIgniter.php(934): App\Controllers\Home->input()
 5 SYSTEMPATH\CodeIgniter.php(499): CodeIgniter\CodeIgniter->runController(Object(App\Controllers\Home))
 6 SYSTEMPATH\CodeIgniter.php(368): CodeIgniter\CodeIgniter->handleRequest(null, Object(Config\Cache), false)
 7 FCPATH\index.php(67): CodeIgniter\CodeIgniter->run()
CRITICAL - 2023-02-27 08:19:22 --> The framework needs the following extension(s) installed and loaded: intl.
in SYSTEMPATH\CodeIgniter.php on line 226.
 1 SYSTEMPATH\CodeIgniter.php(226): CodeIgniter\Exceptions\FrameworkException::forMissingExtension()
 2 SYSTEMPATH\CodeIgniter.php(190): CodeIgniter\CodeIgniter->resolvePlatformExtensions()
 3 ROOTPATH\spark(83): CodeIgniter\CodeIgniter->initialize()
CRITICAL - 2023-02-27 08:30:54 --> The framework needs the following extension(s) installed and loaded: intl.
in SYSTEMPATH\CodeIgniter.php on line 226.
 1 SYSTEMPATH\CodeIgniter.php(226): CodeIgniter\Exceptions\FrameworkException::forMissingExtension()
 2 SYSTEMPATH\CodeIgniter.php(190): CodeIgniter\CodeIgniter->resolvePlatformExtensions()
 3 ROOTPATH\spark(83): CodeIgniter\CodeIgniter->initialize()
CRITICAL - 2023-02-27 08:32:09 --> The framework needs the following extension(s) installed and loaded: intl.
in SYSTEMPATH\CodeIgniter.php on line 226.
 1 SYSTEMPATH\CodeIgniter.php(226): CodeIgniter\Exceptions\FrameworkException::forMissingExtension()
 2 SYSTEMPATH\CodeIgniter.php(190): CodeIgniter\CodeIgniter->resolvePlatformExtensions()
 3 ROOTPATH\spark(83): CodeIgniter\CodeIgniter->initialize()
CRITICAL - 2023-02-27 08:34:49 --> The framework needs the following extension(s) installed and loaded: intl.
in SYSTEMPATH\CodeIgniter.php on line 226.
 1 SYSTEMPATH\CodeIgniter.php(226): CodeIgniter\Exceptions\FrameworkException::forMissingExtension()
 2 SYSTEMPATH\CodeIgniter.php(190): CodeIgniter\CodeIgniter->resolvePlatformExtensions()
 3 ROOTPATH\spark(83): CodeIgniter\CodeIgniter->initialize()
CRITICAL - 2023-02-27 08:37:16 --> The framework needs the following extension(s) installed and loaded: intl.
in SYSTEMPATH\CodeIgniter.php on line 226.
 1 SYSTEMPATH\CodeIgniter.php(226): CodeIgniter\Exceptions\FrameworkException::forMissingExtension()
 2 SYSTEMPATH\CodeIgniter.php(190): CodeIgniter\CodeIgniter->resolvePlatformExtensions()
 3 ROOTPATH\spark(83): CodeIgniter\CodeIgniter->initialize()
ERROR - 2023-02-27 08:56:54 --> Error connecting to the database: Error: Call to undefined function CodeIgniter\Database\Postgre\pg_connect() in C:\xampp\htdocs\petalokasiobjek\system\Database\Postgre\Connection.php:75
Stack trace:
#0 C:\xampp\htdocs\petalokasiobjek\system\Database\BaseConnection.php(391): CodeIgniter\Database\Postgre\Connection->connect(false)
#1 C:\xampp\htdocs\petalokasiobjek\system\Database\BaseConnection.php(573): CodeIgniter\Database\BaseConnection->initialize()
#2 C:\xampp\htdocs\petalokasiobjek\system\Database\BaseConnection.php(1408): CodeIgniter\Database\BaseConnection->query('SELECT "table_n...')
#3 C:\xampp\htdocs\petalokasiobjek\system\Database\BaseConnection.php(1427): CodeIgniter\Database\BaseConnection->listTables()
#4 C:\xampp\htdocs\petalokasiobjek\system\Database\MigrationRunner.php(768): CodeIgniter\Database\BaseConnection->tableExists('migrations')
#5 C:\xampp\htdocs\petalokasiobjek\system\Database\MigrationRunner.php(168): CodeIgniter\Database\MigrationRunner->ensureTable()
#6 C:\xampp\htdocs\petalokasiobjek\system\Commands\Database\Migrate.php(84): CodeIgniter\Database\MigrationRunner->latest(NULL)
#7 C:\xampp\htdocs\petalokasiobjek\system\CLI\Commands.php(65): CodeIgniter\Commands\Database\Migrate->run(Array)
#8 C:\xampp\htdocs\petalokasiobjek\system\CLI\Console.php(37): CodeIgniter\CLI\Commands->run('migrate', Array)
#9 C:\xampp\htdocs\petalokasiobjek\spark(97): CodeIgniter\CLI\Console->run()
#10 {main}
ERROR - 2023-02-27 08:57:40 --> Error connecting to the database: Error: Call to undefined function CodeIgniter\Database\Postgre\pg_connect() in C:\xampp\htdocs\petalokasiobjek\system\Database\Postgre\Connection.php:75
Stack trace:
#0 C:\xampp\htdocs\petalokasiobjek\system\Database\BaseConnection.php(391): CodeIgniter\Database\Postgre\Connection->connect(false)
#1 C:\xampp\htdocs\petalokasiobjek\system\Database\BaseConnection.php(573): CodeIgniter\Database\BaseConnection->initialize()
#2 C:\xampp\htdocs\petalokasiobjek\system\Database\BaseConnection.php(1408): CodeIgniter\Database\BaseConnection->query('SELECT "table_n...')
#3 C:\xampp\htdocs\petalokasiobjek\system\Database\BaseConnection.php(1427): CodeIgniter\Database\BaseConnection->listTables()
#4 C:\xampp\htdocs\petalokasiobjek\system\Database\MigrationRunner.php(768): CodeIgniter\Database\BaseConnection->tableExists('migrations')
#5 C:\xampp\htdocs\petalokasiobjek\system\Database\MigrationRunner.php(168): CodeIgniter\Database\MigrationRunner->ensureTable()
#6 C:\xampp\htdocs\petalokasiobjek\system\Commands\Database\Migrate.php(84): CodeIgniter\Database\MigrationRunner->latest(NULL)
#7 C:\xampp\htdocs\petalokasiobjek\system\CLI\Commands.php(65): CodeIgniter\Commands\Database\Migrate->run(Array)
#8 C:\xampp\htdocs\petalokasiobjek\system\CLI\Console.php(37): CodeIgniter\CLI\Commands->run('migrate', Array)
#9 C:\xampp\htdocs\petalokasiobjek\spark(97): CodeIgniter\CLI\Console->run()
#10 {main}
ERROR - 2023-02-27 08:58:51 --> Error connecting to the database: Error: Call to undefined function CodeIgniter\Database\Postgre\pg_connect() in C:\xampp\htdocs\petalokasiobjek\system\Database\Postgre\Connection.php:75
Stack trace:
#0 C:\xampp\htdocs\petalokasiobjek\system\Database\BaseConnection.php(391): CodeIgniter\Database\Postgre\Connection->connect(false)
#1 C:\xampp\htdocs\petalokasiobjek\system\Database\BaseConnection.php(573): CodeIgniter\Database\BaseConnection->initialize()
#2 C:\xampp\htdocs\petalokasiobjek\system\Database\BaseConnection.php(1408): CodeIgniter\Database\BaseConnection->query('SELECT "table_n...')
#3 C:\xampp\htdocs\petalokasiobjek\system\Database\BaseConnection.php(1427): CodeIgniter\Database\BaseConnection->listTables()
#4 C:\xampp\htdocs\petalokasiobjek\system\Database\MigrationRunner.php(768): CodeIgniter\Database\BaseConnection->tableExists('migrations')
#5 C:\xampp\htdocs\petalokasiobjek\system\Database\MigrationRunner.php(168): CodeIgniter\Database\MigrationRunner->ensureTable()
#6 C:\xampp\htdocs\petalokasiobjek\system\Commands\Database\Migrate.php(84): CodeIgniter\Database\MigrationRunner->latest(NULL)
#7 C:\xampp\htdocs\petalokasiobjek\system\CLI\Commands.php(65): CodeIgniter\Commands\Database\Migrate->run(Array)
#8 C:\xampp\htdocs\petalokasiobjek\system\CLI\Console.php(37): CodeIgniter\CLI\Commands->run('migrate', Array)
#9 C:\xampp\htdocs\petalokasiobjek\spark(97): CodeIgniter\CLI\Console->run()
#10 {main}
ERROR - 2023-02-27 09:05:43 --> Error connecting to the database: Error: Call to undefined function CodeIgniter\Database\Postgre\pg_connect() in C:\xampp\htdocs\petalokasiobjek\system\Database\Postgre\Connection.php:75
Stack trace:
#0 C:\xampp\htdocs\petalokasiobjek\system\Database\BaseConnection.php(391): CodeIgniter\Database\Postgre\Connection->connect(false)
#1 C:\xampp\htdocs\petalokasiobjek\system\Database\BaseConnection.php(573): CodeIgniter\Database\BaseConnection->initialize()
#2 C:\xampp\htdocs\petalokasiobjek\system\Database\BaseConnection.php(1408): CodeIgniter\Database\BaseConnection->query('SELECT "table_n...')
#3 C:\xampp\htdocs\petalokasiobjek\system\Database\BaseConnection.php(1427): CodeIgniter\Database\BaseConnection->listTables()
#4 C:\xampp\htdocs\petalokasiobjek\system\Database\MigrationRunner.php(768): CodeIgniter\Database\BaseConnection->tableExists('migrations')
#5 C:\xampp\htdocs\petalokasiobjek\system\Database\MigrationRunner.php(168): CodeIgniter\Database\MigrationRunner->ensureTable()
#6 C:\xampp\htdocs\petalokasiobjek\system\Commands\Database\Migrate.php(84): CodeIgniter\Database\MigrationRunner->latest(NULL)
#7 C:\xampp\htdocs\petalokasiobjek\system\CLI\Commands.php(65): CodeIgniter\Commands\Database\Migrate->run(Array)
#8 C:\xampp\htdocs\petalokasiobjek\system\CLI\Console.php(37): CodeIgniter\CLI\Commands->run('migrate', Array)
#9 C:\xampp\htdocs\petalokasiobjek\spark(97): CodeIgniter\CLI\Console->run()
#10 {main}
ERROR - 2023-02-27 09:15:20 --> Error connecting to the database: Error: Call to undefined function CodeIgniter\Database\Postgre\pg_connect() in C:\xampp\htdocs\petalokasiobjek\system\Database\Postgre\Connection.php:75
Stack trace:
#0 C:\xampp\htdocs\petalokasiobjek\system\Database\BaseConnection.php(391): CodeIgniter\Database\Postgre\Connection->connect(false)
#1 C:\xampp\htdocs\petalokasiobjek\system\Database\BaseConnection.php(573): CodeIgniter\Database\BaseConnection->initialize()
#2 C:\xampp\htdocs\petalokasiobjek\system\Database\BaseConnection.php(1408): CodeIgniter\Database\BaseConnection->query('SELECT "table_n...')
#3 C:\xampp\htdocs\petalokasiobjek\system\Database\BaseConnection.php(1427): CodeIgniter\Database\BaseConnection->listTables()
#4 C:\xampp\htdocs\petalokasiobjek\system\Database\MigrationRunner.php(768): CodeIgniter\Database\BaseConnection->tableExists('migrations')
#5 C:\xampp\htdocs\petalokasiobjek\system\Database\MigrationRunner.php(168): CodeIgniter\Database\MigrationRunner->ensureTable()
#6 C:\xampp\htdocs\petalokasiobjek\system\Commands\Database\Migrate.php(84): CodeIgniter\Database\MigrationRunner->latest(NULL)
#7 C:\xampp\htdocs\petalokasiobjek\system\CLI\Commands.php(65): CodeIgniter\Commands\Database\Migrate->run(Array)
#8 C:\xampp\htdocs\petalokasiobjek\system\CLI\Console.php(37): CodeIgniter\CLI\Commands->run('migrate', Array)
#9 C:\xampp\htdocs\petalokasiobjek\spark(97): CodeIgniter\CLI\Console->run()
#10 {main}
ERROR - 2023-02-27 09:23:22 --> Error connecting to the database: Error: Call to undefined function CodeIgniter\Database\Postgre\pg_connect() in C:\xampp\htdocs\petalokasiobjek\system\Database\Postgre\Connection.php:75
Stack trace:
#0 C:\xampp\htdocs\petalokasiobjek\system\Database\BaseConnection.php(391): CodeIgniter\Database\Postgre\Connection->connect(false)
#1 C:\xampp\htdocs\petalokasiobjek\system\Database\BaseConnection.php(573): CodeIgniter\Database\BaseConnection->initialize()
#2 C:\xampp\htdocs\petalokasiobjek\system\Database\BaseConnection.php(1408): CodeIgniter\Database\BaseConnection->query('SELECT "table_n...')
#3 C:\xampp\htdocs\petalokasiobjek\system\Database\BaseConnection.php(1427): CodeIgniter\Database\BaseConnection->listTables()
#4 C:\xampp\htdocs\petalokasiobjek\system\Database\MigrationRunner.php(768): CodeIgniter\Database\BaseConnection->tableExists('migrations')
#5 C:\xampp\htdocs\petalokasiobjek\system\Database\MigrationRunner.php(168): CodeIgniter\Database\MigrationRunner->ensureTable()
#6 C:\xampp\htdocs\petalokasiobjek\system\Commands\Database\Migrate.php(84): CodeIgniter\Database\MigrationRunner->latest(NULL)
#7 C:\xampp\htdocs\petalokasiobjek\system\CLI\Commands.php(65): CodeIgniter\Commands\Database\Migrate->run(Array)
#8 C:\xampp\htdocs\petalokasiobjek\system\CLI\Console.php(37): CodeIgniter\CLI\Commands->run('migrate', Array)
#9 C:\xampp\htdocs\petalokasiobjek\spark(97): CodeIgniter\CLI\Console->run()
#10 {main}
ERROR - 2023-02-27 09:24:47 --> Error connecting to the database: Error: Call to undefined function CodeIgniter\Database\Postgre\pg_connect() in C:\xampp\htdocs\petalokasiobjek\system\Database\Postgre\Connection.php:75
Stack trace:
#0 C:\xampp\htdocs\petalokasiobjek\system\Database\BaseConnection.php(391): CodeIgniter\Database\Postgre\Connection->connect(false)
#1 C:\xampp\htdocs\petalokasiobjek\system\Database\BaseConnection.php(573): CodeIgniter\Database\BaseConnection->initialize()
#2 C:\xampp\htdocs\petalokasiobjek\system\Database\BaseConnection.php(1408): CodeIgniter\Database\BaseConnection->query('SELECT "table_n...')
#3 C:\xampp\htdocs\petalokasiobjek\system\Database\BaseConnection.php(1427): CodeIgniter\Database\BaseConnection->listTables()
#4 C:\xampp\htdocs\petalokasiobjek\system\Database\MigrationRunner.php(768): CodeIgniter\Database\BaseConnection->tableExists('migrations')
#5 C:\xampp\htdocs\petalokasiobjek\system\Database\MigrationRunner.php(168): CodeIgniter\Database\MigrationRunner->ensureTable()
#6 C:\xampp\htdocs\petalokasiobjek\system\Commands\Database\Migrate.php(84): CodeIgniter\Database\MigrationRunner->latest(NULL)
#7 C:\xampp\htdocs\petalokasiobjek\system\CLI\Commands.php(65): CodeIgniter\Commands\Database\Migrate->run(Array)
#8 C:\xampp\htdocs\petalokasiobjek\system\CLI\Console.php(37): CodeIgniter\CLI\Commands->run('migrate', Array)
#9 C:\xampp\htdocs\petalokasiobjek\spark(97): CodeIgniter\CLI\Console->run()
#10 {main}
ERROR - 2023-02-27 09:27:55 --> Error connecting to the database: Error: Call to undefined function CodeIgniter\Database\Postgre\pg_connect() in C:\xampp\htdocs\petalokasiobjek\system\Database\Postgre\Connection.php:75
Stack trace:
#0 C:\xampp\htdocs\petalokasiobjek\system\Database\BaseConnection.php(391): CodeIgniter\Database\Postgre\Connection->connect(false)
#1 C:\xampp\htdocs\petalokasiobjek\system\Database\BaseConnection.php(573): CodeIgniter\Database\BaseConnection->initialize()
#2 C:\xampp\htdocs\petalokasiobjek\system\Database\BaseConnection.php(1408): CodeIgniter\Database\BaseConnection->query('SELECT "table_n...')
#3 C:\xampp\htdocs\petalokasiobjek\system\Database\BaseConnection.php(1427): CodeIgniter\Database\BaseConnection->listTables()
#4 C:\xampp\htdocs\petalokasiobjek\system\Database\MigrationRunner.php(768): CodeIgniter\Database\BaseConnection->tableExists('migrations')
#5 C:\xampp\htdocs\petalokasiobjek\system\Database\MigrationRunner.php(168): CodeIgniter\Database\MigrationRunner->ensureTable()
#6 C:\xampp\htdocs\petalokasiobjek\system\Commands\Database\Migrate.php(84): CodeIgniter\Database\MigrationRunner->latest(NULL)
#7 C:\xampp\htdocs\petalokasiobjek\system\CLI\Commands.php(65): CodeIgniter\Commands\Database\Migrate->run(Array)
#8 C:\xampp\htdocs\petalokasiobjek\system\CLI\Console.php(37): CodeIgniter\CLI\Commands->run('migrate', Array)
#9 C:\xampp\htdocs\petalokasiobjek\spark(97): CodeIgniter\CLI\Console->run()
#10 {main}
ERROR - 2023-02-27 09:28:10 --> Error connecting to the database: Error: Call to undefined function CodeIgniter\Database\Postgre\pg_connect() in C:\xampp\htdocs\petalokasiobjek\system\Database\Postgre\Connection.php:75
Stack trace:
#0 C:\xampp\htdocs\petalokasiobjek\system\Database\BaseConnection.php(391): CodeIgniter\Database\Postgre\Connection->connect(false)
#1 C:\xampp\htdocs\petalokasiobjek\system\Database\BaseConnection.php(573): CodeIgniter\Database\BaseConnection->initialize()
#2 C:\xampp\htdocs\petalokasiobjek\system\Database\BaseConnection.php(1408): CodeIgniter\Database\BaseConnection->query('SELECT "table_n...')
#3 C:\xampp\htdocs\petalokasiobjek\system\Database\BaseConnection.php(1427): CodeIgniter\Database\BaseConnection->listTables()
#4 C:\xampp\htdocs\petalokasiobjek\system\Database\MigrationRunner.php(768): CodeIgniter\Database\BaseConnection->tableExists('migrations')
#5 C:\xampp\htdocs\petalokasiobjek\system\Database\MigrationRunner.php(168): CodeIgniter\Database\MigrationRunner->ensureTable()
#6 C:\xampp\htdocs\petalokasiobjek\system\Commands\Database\Migrate.php(84): CodeIgniter\Database\MigrationRunner->latest(NULL)
#7 C:\xampp\htdocs\petalokasiobjek\system\CLI\Commands.php(65): CodeIgniter\Commands\Database\Migrate->run(Array)
#8 C:\xampp\htdocs\petalokasiobjek\system\CLI\Console.php(37): CodeIgniter\CLI\Commands->run('migrate', Array)
#9 C:\xampp\htdocs\petalokasiobjek\spark(97): CodeIgniter\CLI\Console->run()
#10 {main}
ERROR - 2023-02-27 09:30:58 --> Error connecting to the database: Error: Call to undefined function CodeIgniter\Database\Postgre\pg_connect() in C:\xampp\htdocs\petalokasiobjek\system\Database\Postgre\Connection.php:75
Stack trace:
#0 C:\xampp\htdocs\petalokasiobjek\system\Database\BaseConnection.php(391): CodeIgniter\Database\Postgre\Connection->connect(false)
#1 C:\xampp\htdocs\petalokasiobjek\system\Database\BaseConnection.php(573): CodeIgniter\Database\BaseConnection->initialize()
#2 C:\xampp\htdocs\petalokasiobjek\system\Database\BaseConnection.php(1408): CodeIgniter\Database\BaseConnection->query('SELECT "table_n...')
#3 C:\xampp\htdocs\petalokasiobjek\system\Database\BaseConnection.php(1427): CodeIgniter\Database\BaseConnection->listTables()
#4 C:\xampp\htdocs\petalokasiobjek\system\Database\MigrationRunner.php(768): CodeIgniter\Database\BaseConnection->tableExists('migrations')
#5 C:\xampp\htdocs\petalokasiobjek\system\Database\MigrationRunner.php(168): CodeIgniter\Database\MigrationRunner->ensureTable()
#6 C:\xampp\htdocs\petalokasiobjek\system\Commands\Database\Migrate.php(84): CodeIgniter\Database\MigrationRunner->latest(NULL)
#7 C:\xampp\htdocs\petalokasiobjek\system\CLI\Commands.php(65): CodeIgniter\Commands\Database\Migrate->run(Array)
#8 C:\xampp\htdocs\petalokasiobjek\system\CLI\Console.php(37): CodeIgniter\CLI\Commands->run('migrate', Array)
#9 C:\xampp\htdocs\petalokasiobjek\spark(97): CodeIgniter\CLI\Console->run()
#10 {main}
ERROR - 2023-02-27 09:31:09 --> Error connecting to the database: Error: Call to undefined function CodeIgniter\Database\Postgre\pg_connect() in C:\xampp\htdocs\petalokasiobjek\system\Database\Postgre\Connection.php:75
Stack trace:
#0 C:\xampp\htdocs\petalokasiobjek\system\Database\BaseConnection.php(391): CodeIgniter\Database\Postgre\Connection->connect(false)
#1 C:\xampp\htdocs\petalokasiobjek\system\Database\BaseConnection.php(573): CodeIgniter\Database\BaseConnection->initialize()
#2 C:\xampp\htdocs\petalokasiobjek\system\Database\BaseConnection.php(1408): CodeIgniter\Database\BaseConnection->query('SELECT "table_n...')
#3 C:\xampp\htdocs\petalokasiobjek\system\Database\BaseConnection.php(1427): CodeIgniter\Database\BaseConnection->listTables()
#4 C:\xampp\htdocs\petalokasiobjek\system\Database\MigrationRunner.php(768): CodeIgniter\Database\BaseConnection->tableExists('migrations')
#5 C:\xampp\htdocs\petalokasiobjek\system\Database\MigrationRunner.php(168): CodeIgniter\Database\MigrationRunner->ensureTable()
#6 C:\xampp\htdocs\petalokasiobjek\system\Commands\Database\Migrate.php(84): CodeIgniter\Database\MigrationRunner->latest(NULL)
#7 C:\xampp\htdocs\petalokasiobjek\system\CLI\Commands.php(65): CodeIgniter\Commands\Database\Migrate->run(Array)
#8 C:\xampp\htdocs\petalokasiobjek\system\CLI\Console.php(37): CodeIgniter\CLI\Commands->run('migrate', Array)
#9 C:\xampp\htdocs\petalokasiobjek\spark(97): CodeIgniter\CLI\Console->run()
#10 {main}
ERROR - 2023-02-27 09:34:18 --> Error connecting to the database: Error: Call to undefined function CodeIgniter\Database\Postgre\pg_connect() in C:\xampp\htdocs\petalokasiobjek\system\Database\Postgre\Connection.php:75
Stack trace:
#0 C:\xampp\htdocs\petalokasiobjek\system\Database\BaseConnection.php(391): CodeIgniter\Database\Postgre\Connection->connect(false)
#1 C:\xampp\htdocs\petalokasiobjek\system\Database\BaseConnection.php(573): CodeIgniter\Database\BaseConnection->initialize()
#2 C:\xampp\htdocs\petalokasiobjek\system\Database\BaseConnection.php(1408): CodeIgniter\Database\BaseConnection->query('SELECT "table_n...')
#3 C:\xampp\htdocs\petalokasiobjek\system\Database\BaseConnection.php(1427): CodeIgniter\Database\BaseConnection->listTables()
#4 C:\xampp\htdocs\petalokasiobjek\system\Database\MigrationRunner.php(768): CodeIgniter\Database\BaseConnection->tableExists('migrations')
#5 C:\xampp\htdocs\petalokasiobjek\system\Database\MigrationRunner.php(168): CodeIgniter\Database\MigrationRunner->ensureTable()
#6 C:\xampp\htdocs\petalokasiobjek\system\Commands\Database\Migrate.php(84): CodeIgniter\Database\MigrationRunner->latest(NULL)
#7 C:\xampp\htdocs\petalokasiobjek\system\CLI\Commands.php(65): CodeIgniter\Commands\Database\Migrate->run(Array)
#8 C:\xampp\htdocs\petalokasiobjek\system\CLI\Console.php(37): CodeIgniter\CLI\Commands->run('migrate', Array)
#9 C:\xampp\htdocs\petalokasiobjek\spark(97): CodeIgniter\CLI\Console->run()
#10 {main}
ERROR - 2023-02-27 09:36:46 --> Error connecting to the database: Error: Call to undefined function CodeIgniter\Database\Postgre\pg_connect() in C:\xampp\htdocs\petalokasiobjek\system\Database\Postgre\Connection.php:75
Stack trace:
#0 C:\xampp\htdocs\petalokasiobjek\system\Database\BaseConnection.php(391): CodeIgniter\Database\Postgre\Connection->connect(false)
#1 C:\xampp\htdocs\petalokasiobjek\system\Database\BaseConnection.php(573): CodeIgniter\Database\BaseConnection->initialize()
#2 C:\xampp\htdocs\petalokasiobjek\system\Database\BaseConnection.php(1408): CodeIgniter\Database\BaseConnection->query('SELECT "table_n...')
#3 C:\xampp\htdocs\petalokasiobjek\system\Database\BaseConnection.php(1427): CodeIgniter\Database\BaseConnection->listTables()
#4 C:\xampp\htdocs\petalokasiobjek\system\Database\MigrationRunner.php(768): CodeIgniter\Database\BaseConnection->tableExists('migrations')
#5 C:\xampp\htdocs\petalokasiobjek\system\Database\MigrationRunner.php(168): CodeIgniter\Database\MigrationRunner->ensureTable()
#6 C:\xampp\htdocs\petalokasiobjek\system\Commands\Database\Migrate.php(84): CodeIgniter\Database\MigrationRunner->latest(NULL)
#7 C:\xampp\htdocs\petalokasiobjek\system\CLI\Commands.php(65): CodeIgniter\Commands\Database\Migrate->run(Array)
#8 C:\xampp\htdocs\petalokasiobjek\system\CLI\Console.php(37): CodeIgniter\CLI\Commands->run('migrate', Array)
#9 C:\xampp\htdocs\petalokasiobjek\spark(97): CodeIgniter\CLI\Console->run()
#10 {main}
ERROR - 2023-02-27 09:37:36 --> Error connecting to the database: Error: Call to undefined function CodeIgniter\Database\Postgre\pg_connect() in C:\xampp\htdocs\petalokasiobjek\system\Database\Postgre\Connection.php:75
Stack trace:
#0 C:\xampp\htdocs\petalokasiobjek\system\Database\BaseConnection.php(391): CodeIgniter\Database\Postgre\Connection->connect(false)
#1 C:\xampp\htdocs\petalokasiobjek\system\Database\BaseConnection.php(573): CodeIgniter\Database\BaseConnection->initialize()
#2 C:\xampp\htdocs\petalokasiobjek\system\Database\BaseConnection.php(1408): CodeIgniter\Database\BaseConnection->query('SELECT "table_n...')
#3 C:\xampp\htdocs\petalokasiobjek\system\Database\BaseConnection.php(1427): CodeIgniter\Database\BaseConnection->listTables()
#4 C:\xampp\htdocs\petalokasiobjek\system\Database\MigrationRunner.php(768): CodeIgniter\Database\BaseConnection->tableExists('migrations')
#5 C:\xampp\htdocs\petalokasiobjek\system\Database\MigrationRunner.php(168): CodeIgniter\Database\MigrationRunner->ensureTable()
#6 C:\xampp\htdocs\petalokasiobjek\system\Commands\Database\Migrate.php(84): CodeIgniter\Database\MigrationRunner->latest(NULL)
#7 C:\xampp\htdocs\petalokasiobjek\system\CLI\Commands.php(65): CodeIgniter\Commands\Database\Migrate->run(Array)
#8 C:\xampp\htdocs\petalokasiobjek\system\CLI\Console.php(37): CodeIgniter\CLI\Commands->run('migrate', Array)
#9 C:\xampp\htdocs\petalokasiobjek\spark(97): CodeIgniter\CLI\Console->run()
#10 {main}
ERROR - 2023-02-27 09:40:38 --> Error connecting to the database: Error: Call to undefined function CodeIgniter\Database\Postgre\pg_connect() in C:\xampp\htdocs\petalokasiobjek\system\Database\Postgre\Connection.php:75
Stack trace:
#0 C:\xampp\htdocs\petalokasiobjek\system\Database\BaseConnection.php(391): CodeIgniter\Database\Postgre\Connection->connect(false)
#1 C:\xampp\htdocs\petalokasiobjek\system\Database\BaseConnection.php(573): CodeIgniter\Database\BaseConnection->initialize()
#2 C:\xampp\htdocs\petalokasiobjek\system\Database\BaseConnection.php(1408): CodeIgniter\Database\BaseConnection->query('SELECT "table_n...')
#3 C:\xampp\htdocs\petalokasiobjek\system\Database\BaseConnection.php(1427): CodeIgniter\Database\BaseConnection->listTables()
#4 C:\xampp\htdocs\petalokasiobjek\system\Database\MigrationRunner.php(768): CodeIgniter\Database\BaseConnection->tableExists('migrations')
#5 C:\xampp\htdocs\petalokasiobjek\system\Database\MigrationRunner.php(168): CodeIgniter\Database\MigrationRunner->ensureTable()
#6 C:\xampp\htdocs\petalokasiobjek\system\Commands\Database\Migrate.php(84): CodeIgniter\Database\MigrationRunner->latest(NULL)
#7 C:\xampp\htdocs\petalokasiobjek\system\CLI\Commands.php(65): CodeIgniter\Commands\Database\Migrate->run(Array)
#8 C:\xampp\htdocs\petalokasiobjek\system\CLI\Console.php(37): CodeIgniter\CLI\Commands->run('migrate', Array)
#9 C:\xampp\htdocs\petalokasiobjek\spark(97): CodeIgniter\CLI\Console->run()
#10 {main}
ERROR - 2023-02-27 09:42:53 --> Error connecting to the database: Error: Call to undefined function CodeIgniter\Database\Postgre\pg_connect() in C:\xampp\htdocs\petalokasiobjek\system\Database\Postgre\Connection.php:75
Stack trace:
#0 C:\xampp\htdocs\petalokasiobjek\system\Database\BaseConnection.php(391): CodeIgniter\Database\Postgre\Connection->connect(false)
#1 C:\xampp\htdocs\petalokasiobjek\system\Database\BaseConnection.php(573): CodeIgniter\Database\BaseConnection->initialize()
#2 C:\xampp\htdocs\petalokasiobjek\system\Database\BaseConnection.php(1408): CodeIgniter\Database\BaseConnection->query('SELECT "table_n...')
#3 C:\xampp\htdocs\petalokasiobjek\system\Database\BaseConnection.php(1427): CodeIgniter\Database\BaseConnection->listTables()
#4 C:\xampp\htdocs\petalokasiobjek\system\Database\MigrationRunner.php(768): CodeIgniter\Database\BaseConnection->tableExists('migrations')
#5 C:\xampp\htdocs\petalokasiobjek\system\Database\MigrationRunner.php(168): CodeIgniter\Database\MigrationRunner->ensureTable()
#6 C:\xampp\htdocs\petalokasiobjek\system\Commands\Database\Migrate.php(84): CodeIgniter\Database\MigrationRunner->latest(NULL)
#7 C:\xampp\htdocs\petalokasiobjek\system\CLI\Commands.php(65): CodeIgniter\Commands\Database\Migrate->run(Array)
#8 C:\xampp\htdocs\petalokasiobjek\system\CLI\Console.php(37): CodeIgniter\CLI\Commands->run('migrate', Array)
#9 C:\xampp\htdocs\petalokasiobjek\spark(97): CodeIgniter\CLI\Console->run()
#10 {main}
ERROR - 2023-02-27 09:50:54 --> Error connecting to the database: Error: Call to undefined function CodeIgniter\Database\Postgre\pg_connect() in C:\xampp\htdocs\petalokasiobjek\system\Database\Postgre\Connection.php:75
Stack trace:
#0 C:\xampp\htdocs\petalokasiobjek\system\Database\BaseConnection.php(391): CodeIgniter\Database\Postgre\Connection->connect(false)
#1 C:\xampp\htdocs\petalokasiobjek\system\Database\BaseConnection.php(573): CodeIgniter\Database\BaseConnection->initialize()
#2 C:\xampp\htdocs\petalokasiobjek\system\Database\BaseConnection.php(1408): CodeIgniter\Database\BaseConnection->query('SELECT "table_n...')
#3 C:\xampp\htdocs\petalokasiobjek\system\Database\BaseConnection.php(1427): CodeIgniter\Database\BaseConnection->listTables()
#4 C:\xampp\htdocs\petalokasiobjek\system\Database\MigrationRunner.php(768): CodeIgniter\Database\BaseConnection->tableExists('migrations')
#5 C:\xampp\htdocs\petalokasiobjek\system\Database\MigrationRunner.php(168): CodeIgniter\Database\MigrationRunner->ensureTable()
#6 C:\xampp\htdocs\petalokasiobjek\system\Commands\Database\Migrate.php(84): CodeIgniter\Database\MigrationRunner->latest(NULL)
#7 C:\xampp\htdocs\petalokasiobjek\system\CLI\Commands.php(65): CodeIgniter\Commands\Database\Migrate->run(Array)
#8 C:\xampp\htdocs\petalokasiobjek\system\CLI\Console.php(37): CodeIgniter\CLI\Commands->run('migrate', Array)
#9 C:\xampp\htdocs\petalokasiobjek\spark(97): CodeIgniter\CLI\Console->run()
#10 {main}
ERROR - 2023-02-27 10:22:31 --> Error connecting to the database: ErrorException: pg_connect(): Unable to connect to PostgreSQL server: FATAL:  database "dataobjek" does not exist in C:\xampp\htdocs\petalokasiobjek\system\Database\Postgre\Connection.php:75
Stack trace:
#0 [internal function]: CodeIgniter\Debug\Exceptions->errorHandler(2, 'pg_connect(): U...', 'C:\\xampp\\htdocs...', 75)
#1 C:\xampp\htdocs\petalokasiobjek\system\Database\Postgre\Connection.php(75): pg_connect('host=localhost ...')
#2 C:\xampp\htdocs\petalokasiobjek\system\Database\BaseConnection.php(391): CodeIgniter\Database\Postgre\Connection->connect(false)
#3 C:\xampp\htdocs\petalokasiobjek\system\Database\BaseConnection.php(573): CodeIgniter\Database\BaseConnection->initialize()
#4 C:\xampp\htdocs\petalokasiobjek\system\Database\BaseConnection.php(1408): CodeIgniter\Database\BaseConnection->query('SELECT "table_n...')
#5 C:\xampp\htdocs\petalokasiobjek\system\Database\BaseConnection.php(1427): CodeIgniter\Database\BaseConnection->listTables()
#6 C:\xampp\htdocs\petalokasiobjek\system\Database\MigrationRunner.php(768): CodeIgniter\Database\BaseConnection->tableExists('migrations')
#7 C:\xampp\htdocs\petalokasiobjek\system\Database\MigrationRunner.php(168): CodeIgniter\Database\MigrationRunner->ensureTable()
#8 C:\xampp\htdocs\petalokasiobjek\system\Commands\Database\Migrate.php(84): CodeIgniter\Database\MigrationRunner->latest(NULL)
#9 C:\xampp\htdocs\petalokasiobjek\system\CLI\Commands.php(65): CodeIgniter\Commands\Database\Migrate->run(Array)
#10 C:\xampp\htdocs\petalokasiobjek\system\CLI\Console.php(37): CodeIgniter\CLI\Commands->run('migrate', Array)
#11 C:\xampp\htdocs\petalokasiobjek\spark(97): CodeIgniter\CLI\Console->run()
#12 {main}
